# JRE version: OpenJDK Runtime Environment Temurin-21.0.12.1+1 (21.0.12.1+1) (build 21.0.12.1+1-LTS)
# Java VM: OpenJDK 64-Bit Server VM Temurin-21.0.12.1+1 (21.0.12.1+1-LTS, mixed mode, sharing, tiered, compressed oops, compressed class ptrs, g1 gc, windows-amd64)
GC Precious Log:
 CardTable entry size: 512
 Card Set container configuration: InlinePtr #cards 5 size 8 Array Of Cards #cards 12 size 40 Howl #buckets 4 coarsen threshold 1843 Howl Bitmap #cards 512 size 80 coarsen threshold 460 Card regions per heap region 1 cards per card region 2048
 CPUs: 8 total, 8 available
 Memory: 16057M
 Large Page Support: Disabled
 NUMA Support: Disabled
 Compressed Oops: Enabled (32-bit)
 Heap Region Size: 1M
 Heap Min Capacity: 256M
 Heap Initial Capacity: 256M
 Heap Max Capacity: 512M
 Pre-touch: Disabled
 Parallel Workers: 8
 Concurrent Workers: 2
 Concurrent Refinement Workers: 8
 Periodic GC: Disabled
Heap:
 garbage-first heap   total 262144K, used 36038K [0x00000000e0000000, 0x0000000100000000)
  region size 1024K, 21 young (21504K), 16 survivors (16384K)
 Metaspace       used 33810K, committed 34880K, reserved 393216K
  class space    used 4844K, committed 5376K, reserved 327680K
GC Heap History (10 events):
Event: 105.854 GC heap before
{Heap before GC invocations=0 (full 0):
 garbage-first heap   total 262144K, used 23552K [0x00000000e0000000, 0x0000000100000000)
  region size 1024K, 23 young (23552K), 0 survivors (0K)
 Metaspace       used 948K, committed 1088K, reserved 393216K
  class space    used 73K, committed 128K, reserved 327680K
}
Event: 106.163 GC heap after
{Heap after GC invocations=1 (full 0):
 garbage-first heap   total 262144K, used 1535K [0x00000000e0000000, 0x0000000100000000)
  region size 1024K, 2 young (2048K), 2 survivors (2048K)
 Metaspace       used 948K, committed 1088K, reserved 393216K
  class space    used 73K, committed 128K, reserved 327680K
}
Event: 209.821 GC heap before
{Heap before GC invocations=1 (full 0):
 garbage-first heap   total 262144K, used 40447K [0x00000000e0000000, 0x0000000100000000)
  region size 1024K, 38 young (38912K), 2 survivors (2048K)
 Metaspace       used 4414K, committed 4608K, reserved 393216K
  class space    used 557K, committed 640K, reserved 327680K
}
Event: 209.841 GC heap after
{Heap after GC invocations=2 (full 0):
 garbage-first heap   total 262144K, used 10906K [0x00000000e0000000, 0x0000000100000000)
  region size 1024K, 5 young (5120K), 5 survivors (5120K)
 Metaspace       used 4414K, committed 4608K, reserved 393216K
  class space    used 557K, committed 640K, reserved 327680K
}
Event: 343.333 GC heap before
{Heap before GC invocations=2 (full 0):
 garbage-first heap   total 262144K, used 59034K [0x00000000e0000000, 0x0000000100000000)
  region size 1024K, 50 young (51200K), 5 survivors (5120K)
 Metaspace       used 4731K, committed 4928K, reserved 393216K
  class space    used 609K, committed 704K, reserved 327680K
}
Event: 343.364 GC heap after
{Heap after GC invocations=3 (full 0):
 garbage-first heap   total 262144K, used 16210K [0x00000000e0000000, 0x0000000100000000)
  region size 1024K, 5 young (5120K), 5 survivors (5120K)
 Metaspace       used 4731K, committed 4928K, reserved 393216K
  class space    used 609K, committed 704K, reserved 327680K
}
Event: 744.592 GC heap before
{Heap before GC invocations=3 (full 0):
 garbage-first heap   total 262144K, used 124754K [0x00000000e0000000, 0x0000000100000000)
  region size 1024K, 112 young (114688K), 5 survivors (5120K)
 Metaspace       used 20806K, committed 21504K, reserved 393216K
  class space    used 3032K, committed 3392K, reserved 327680K
}
Event: 744.664 GC heap after
{Heap after GC invocations=4 (full 0):
 garbage-first heap   total 262144K, used 23936K [0x00000000e0000000, 0x0000000100000000)
  region size 1024K, 12 young (12288K), 12 survivors (12288K)
 Metaspace       used 20806K, committed 21504K, reserved 393216K
  class space    used 3032K, committed 3392K, reserved 327680K
}
Event: 1560.802 GC heap before
{Heap before GC invocations=5 (full 0):
 garbage-first heap   total 262144K, used 167296K [0x00000000e0000000, 0x0000000100000000)
  region size 1024K, 153 young (156672K), 12 survivors (12288K)
 Metaspace       used 33568K, committed 34624K, reserved 393216K
  class space    used 4806K, committed 5312K, reserved 327680K
}
Event: 1560.951 GC heap after
{Heap after GC invocations=6 (full 0):
 garbage-first heap   total 262144K, used 31942K [0x00000000e0000000, 0x0000000100000000)
  region size 1024K, 16 young (16384K), 16 survivors (16384K)
 Metaspace       used 33568K, committed 34624K, reserved 393216K
  class space    used 4806K, committed 5312K, reserved 327680K
}

