# JRE version: OpenJDK Runtime Environment Temurin-21.0.12.1+1 (21.0.12.1+1) (build 21.0.12.1+1-LTS)
# Java VM: OpenJDK 64-Bit Server VM Temurin-21.0.12.1+1 (21.0.12.1+1-LTS, mixed mode, sharing, tiered, compressed oops, compressed class ptrs, g1 gc, windows-amd64)
GC Precious Log:
 CardTable entry size: 512
 Card Set container configuration: InlinePtr #cards 5 size 8 Array Of Cards #cards 12 size 40 Howl #buckets 4 coarsen threshold 1843 Howl Bitmap #cards 512 size 80 coarsen threshold 460 Card regions per heap region 1 cards per card region 2048
 CPUs: 8 total, 8 available
 Memory: 16057M
 Large Page Support: Disabled
 NUMA Support: Disabled
 Compressed Oops: Enabled (32-bit)
 Heap Region Size: 1M
 Heap Min Capacity: 256M
 Heap Initial Capacity: 256M
 Heap Max Capacity: 512M
 Pre-touch: Disabled
 Parallel Workers: 8
 Concurrent Workers: 2
 Concurrent Refinement Workers: 8
 Periodic GC: Disabled
Heap:
 garbage-first heap   total 262144K, used 137860K [0x00000000e0000000, 0x0000000100000000)
  region size 1024K, 107 young (109568K), 9 survivors (9216K)
 Metaspace       used 46848K, committed 48448K, reserved 393216K
  class space    used 6752K, committed 7552K, reserved 327680K
GC Heap History (14 events):
Event: 122.058 GC heap before
{Heap before GC invocations=0 (full 0):
 garbage-first heap   total 262144K, used 23552K [0x00000000e0000000, 0x0000000100000000)
  region size 1024K, 23 young (23552K), 0 survivors (0K)
 Metaspace       used 951K, committed 1088K, reserved 393216K
  class space    used 74K, committed 128K, reserved 327680K
}
Event: 125.062 GC heap after
{Heap after GC invocations=1 (full 0):
 garbage-first heap   total 262144K, used 1535K [0x00000000e0000000, 0x0000000100000000)
  region size 1024K, 2 young (2048K), 2 survivors (2048K)
 Metaspace       used 951K, committed 1088K, reserved 393216K
  class space    used 74K, committed 128K, reserved 327680K
}
Event: 227.935 GC heap before
{Heap before GC invocations=1 (full 0):
 garbage-first heap   total 262144K, used 40447K [0x00000000e0000000, 0x0000000100000000)
  region size 1024K, 38 young (38912K), 2 survivors (2048K)
 Metaspace       used 4384K, committed 4544K, reserved 393216K
  class space    used 558K, committed 640K, reserved 327680K
}
Event: 227.948 GC heap after
{Heap after GC invocations=2 (full 0):
 garbage-first heap   total 262144K, used 11179K [0x00000000e0000000, 0x0000000100000000)
  region size 1024K, 5 young (5120K), 5 survivors (5120K)
 Metaspace       used 4384K, committed 4544K, reserved 393216K
  class space    used 558K, committed 640K, reserved 327680K
}
Event: 346.640 GC heap before
{Heap before GC invocations=2 (full 0):
 garbage-first heap   total 262144K, used 70571K [0x00000000e0000000, 0x0000000100000000)
  region size 1024K, 61 young (62464K), 5 survivors (5120K)
 Metaspace       used 7223K, committed 7552K, reserved 393216K
  class space    used 989K, committed 1152K, reserved 327680K
}
Event: 346.663 GC heap after
{Heap after GC invocations=3 (full 0):
 garbage-first heap   total 262144K, used 18413K [0x00000000e0000000, 0x0000000100000000)
  region size 1024K, 7 young (7168K), 7 survivors (7168K)
 Metaspace       used 7223K, committed 7552K, reserved 393216K
  class space    used 989K, committed 1152K, reserved 327680K
}
Event: 428.206 GC heap before
{Heap before GC invocations=3 (full 0):
 garbage-first heap   total 262144K, used 106477K [0x00000000e0000000, 0x0000000100000000)
  region size 1024K, 94 young (96256K), 7 survivors (7168K)
 Metaspace       used 20866K, committed 21504K, reserved 393216K
  class space    used 3063K, committed 3392K, reserved 327680K
}
Event: 428.238 GC heap after
{Heap after GC invocations=4 (full 0):
 garbage-first heap   total 262144K, used 24388K [0x00000000e0000000, 0x0000000100000000)
  region size 1024K, 12 young (12288K), 12 survivors (12288K)
 Metaspace       used 20866K, committed 21504K, reserved 393216K
  class space    used 3063K, committed 3392K, reserved 327680K
}
Event: 544.458 GC heap before
{Heap before GC invocations=5 (full 0):
 garbage-first heap   total 262144K, used 143172K [0x00000000e0000000, 0x0000000100000000)
  region size 1024K, 130 young (133120K), 12 survivors (12288K)
 Metaspace       used 35141K, committed 36160K, reserved 393216K
  class space    used 5058K, committed 5568K, reserved 327680K
}
Event: 544.557 GC heap after
{Heap after GC invocations=6 (full 0):
 garbage-first heap   total 262144K, used 32932K [0x00000000e0000000, 0x0000000100000000)
  region size 1024K, 15 young (15360K), 15 survivors (15360K)
 Metaspace       used 35141K, committed 36160K, reserved 393216K
  class space    used 5058K, committed 5568K, reserved 327680K
}
Event: 546.015 GC heap before
{Heap before GC invocations=6 (full 0):
 garbage-first heap   total 262144K, used 36004K [0x00000000e0000000, 0x0000000100000000)
  region size 1024K, 19 young (19456K), 15 survivors (15360K)
 Metaspace       used 35382K, committed 36480K, reserved 393216K
  class space    used 5094K, committed 5632K, reserved 327680K
}
Event: 546.053 GC heap after
{Heap after GC invocations=7 (full 0):
 garbage-first heap   total 262144K, used 32316K [0x00000000e0000000, 0x0000000100000000)
  region size 1024K, 9 young (9216K), 9 survivors (9216K)
 Metaspace       used 35382K, committed 36480K, reserved 393216K
  class space    used 5094K, committed 5632K, reserved 327680K
}
Event: 548.472 GC heap before
{Heap before GC invocations=7 (full 0):
 garbage-first heap   total 262144K, used 35388K [0x00000000e0000000, 0x0000000100000000)
  region size 1024K, 13 young (13312K), 9 survivors (9216K)
 Metaspace       used 35677K, committed 36800K, reserved 393216K
  class space    used 5144K, committed 5696K, reserved 327680K
}
Event: 548.494 GC heap after
{Heap after GC invocations=8 (full 0):
 garbage-first heap   total 262144K, used 32388K [0x00000000e0000000, 0x0000000100000000)
  region size 1024K, 9 young (9216K), 9 survivors (9216K)
 Metaspace       used 35677K, committed 36800K, reserved 393216K
  class space    used 5144K, committed 5696K, reserved 327680K
}

