# JRE version: OpenJDK Runtime Environment Temurin-21.0.12.1+1 (21.0.12.1+1) (build 21.0.12.1+1-LTS)
# Java VM: OpenJDK 64-Bit Server VM Temurin-21.0.12.1+1 (21.0.12.1+1-LTS, mixed mode, sharing, tiered, compressed oops, compressed class ptrs, g1 gc, windows-amd64)
GC Precious Log:
 CardTable entry size: 512
 Card Set container configuration: InlinePtr #cards 5 size 8 Array Of Cards #cards 12 size 40 Howl #buckets 4 coarsen threshold 1843 Howl Bitmap #cards 512 size 80 coarsen threshold 460 Card regions per heap region 1 cards per card region 2048
 CPUs: 8 total, 8 available
 Memory: 16057M
 Large Page Support: Disabled
 NUMA Support: Disabled
 Compressed Oops: Enabled (32-bit)
 Heap Region Size: 1M
 Heap Min Capacity: 256M
 Heap Initial Capacity: 256M
 Heap Max Capacity: 512M
 Pre-touch: Disabled
 Parallel Workers: 8
 Concurrent Workers: 2
 Concurrent Refinement Workers: 8
 Periodic GC: Disabled
Heap:
 garbage-first heap   total 262144K, used 88371K [0x00000000e0000000, 0x0000000100000000)
  region size 1024K, 64 young (65536K), 9 survivors (9216K)
 Metaspace       used 40883K, committed 42304K, reserved 393216K
  class space    used 5932K, committed 6656K, reserved 327680K
GC Heap History (14 events):
Event: 274.147 GC heap before
{Heap before GC invocations=0 (full 0):
 garbage-first heap   total 262144K, used 23552K [0x00000000e0000000, 0x0000000100000000)
  region size 1024K, 23 young (23552K), 0 survivors (0K)
 Metaspace       used 950K, committed 1088K, reserved 393216K
  class space    used 74K, committed 128K, reserved 327680K
}
Event: 275.462 GC heap after
{Heap after GC invocations=1 (full 0):
 garbage-first heap   total 262144K, used 1535K [0x00000000e0000000, 0x0000000100000000)
  region size 1024K, 2 young (2048K), 2 survivors (2048K)
 Metaspace       used 950K, committed 1088K, reserved 393216K
  class space    used 74K, committed 128K, reserved 327680K
}
Event: 450.949 GC heap before
{Heap before GC invocations=1 (full 0):
 garbage-first heap   total 262144K, used 38399K [0x00000000e0000000, 0x0000000100000000)
  region size 1024K, 36 young (36864K), 2 survivors (2048K)
 Metaspace       used 4375K, committed 4544K, reserved 393216K
  class space    used 557K, committed 640K, reserved 327680K
}
Event: 450.967 GC heap after
{Heap after GC invocations=2 (full 0):
 garbage-first heap   total 262144K, used 10776K [0x00000000e0000000, 0x0000000100000000)
  region size 1024K, 5 young (5120K), 5 survivors (5120K)
 Metaspace       used 4375K, committed 4544K, reserved 393216K
  class space    used 557K, committed 640K, reserved 327680K
}
Event: 625.206 GC heap before
{Heap before GC invocations=2 (full 0):
 garbage-first heap   total 262144K, used 56856K [0x00000000e0000000, 0x0000000100000000)
  region size 1024K, 48 young (49152K), 5 survivors (5120K)
 Metaspace       used 4560K, committed 4864K, reserved 393216K
  class space    used 569K, committed 704K, reserved 327680K
}
Event: 625.237 GC heap after
{Heap after GC invocations=3 (full 0):
 garbage-first heap   total 262144K, used 16228K [0x00000000e0000000, 0x0000000100000000)
  region size 1024K, 4 young (4096K), 4 survivors (4096K)
 Metaspace       used 4560K, committed 4864K, reserved 393216K
  class space    used 569K, committed 704K, reserved 327680K
}
Event: 722.306 GC heap before
{Heap before GC invocations=3 (full 0):
 garbage-first heap   total 262144K, used 119652K [0x00000000e0000000, 0x0000000100000000)
  region size 1024K, 106 young (108544K), 4 survivors (4096K)
 Metaspace       used 20841K, committed 21504K, reserved 393216K
  class space    used 3060K, committed 3392K, reserved 327680K
}
Event: 722.373 GC heap after
{Heap after GC invocations=4 (full 0):
 garbage-first heap   total 262144K, used 24269K [0x00000000e0000000, 0x0000000100000000)
  region size 1024K, 12 young (12288K), 12 survivors (12288K)
 Metaspace       used 20841K, committed 21504K, reserved 393216K
  class space    used 3060K, committed 3392K, reserved 327680K
}
Event: 844.100 GC heap before
{Heap before GC invocations=5 (full 0):
 garbage-first heap   total 262144K, used 142029K [0x00000000e0000000, 0x0000000100000000)
  region size 1024K, 124 young (126976K), 12 survivors (12288K)
 Metaspace       used 35050K, committed 36096K, reserved 393216K
  class space    used 4966K, committed 5504K, reserved 327680K
}
Event: 844.243 GC heap after
{Heap after GC invocations=6 (full 0):
 garbage-first heap   total 262144K, used 33424K [0x00000000e0000000, 0x0000000100000000)
  region size 1024K, 17 young (17408K), 17 survivors (17408K)
 Metaspace       used 35050K, committed 36096K, reserved 393216K
  class space    used 4966K, committed 5504K, reserved 327680K
}
Event: 845.200 GC heap before
{Heap before GC invocations=6 (full 0):
 garbage-first heap   total 262144K, used 35472K [0x00000000e0000000, 0x0000000100000000)
  region size 1024K, 20 young (20480K), 17 survivors (17408K)
 Metaspace       used 35359K, committed 36416K, reserved 393216K
  class space    used 5006K, committed 5568K, reserved 327680K
}
Event: 845.263 GC heap after
{Heap after GC invocations=7 (full 0):
 garbage-first heap   total 262144K, used 33165K [0x00000000e0000000, 0x0000000100000000)
  region size 1024K, 9 young (9216K), 9 survivors (9216K)
 Metaspace       used 35359K, committed 36416K, reserved 393216K
  class space    used 5006K, committed 5568K, reserved 327680K
}
Event: 848.945 GC heap before
{Heap before GC invocations=7 (full 0):
 garbage-first heap   total 262144K, used 35213K [0x00000000e0000000, 0x0000000100000000)
  region size 1024K, 12 young (12288K), 9 survivors (9216K)
 Metaspace       used 35666K, committed 36736K, reserved 393216K
  class space    used 5062K, committed 5568K, reserved 327680K
}
Event: 849.011 GC heap after
{Heap after GC invocations=8 (full 0):
 garbage-first heap   total 262144K, used 33075K [0x00000000e0000000, 0x0000000100000000)
  region size 1024K, 9 young (9216K), 9 survivors (9216K)
 Metaspace       used 35666K, committed 36736K, reserved 393216K
  class space    used 5062K, committed 5568K, reserved 327680K
}

