# JRE version: OpenJDK Runtime Environment Temurin-21.0.12.1+1 (21.0.12.1+1) (build 21.0.12.1+1-LTS)
# Java VM: OpenJDK 64-Bit Server VM Temurin-21.0.12.1+1 (21.0.12.1+1-LTS, mixed mode, sharing, tiered, compressed oops, compressed class ptrs, g1 gc, windows-amd64)
GC Precious Log:
 CardTable entry size: 512
 Card Set container configuration: InlinePtr #cards 5 size 8 Array Of Cards #cards 12 size 40 Howl #buckets 4 coarsen threshold 1843 Howl Bitmap #cards 512 size 80 coarsen threshold 460 Card regions per heap region 1 cards per card region 2048
 CPUs: 8 total, 8 available
 Memory: 16057M
 Large Page Support: Disabled
 NUMA Support: Disabled
 Compressed Oops: Enabled (32-bit)
 Heap Region Size: 1M
 Heap Min Capacity: 256M
 Heap Initial Capacity: 256M
 Heap Max Capacity: 512M
 Pre-touch: Disabled
 Parallel Workers: 8
 Concurrent Workers: 2
 Concurrent Refinement Workers: 8
 Periodic GC: Disabled
Heap:
 garbage-first heap   total 262144K, used 83773K [0x00000000e0000000, 0x0000000100000000)
  region size 1024K, 60 young (61440K), 9 survivors (9216K)
 Metaspace       used 40193K, committed 41664K, reserved 393216K
  class space    used 5822K, committed 6528K, reserved 327680K
GC Heap History (14 events):
Event: 96.398 GC heap before
{Heap before GC invocations=0 (full 0):
 garbage-first heap   total 262144K, used 23552K [0x00000000e0000000, 0x0000000100000000)
  region size 1024K, 23 young (23552K), 0 survivors (0K)
 Metaspace       used 938K, committed 1088K, reserved 393216K
  class space    used 74K, committed 128K, reserved 327680K
}
Event: 96.980 GC heap after
{Heap after GC invocations=1 (full 0):
 garbage-first heap   total 262144K, used 1535K [0x00000000e0000000, 0x0000000100000000)
  region size 1024K, 2 young (2048K), 2 survivors (2048K)
 Metaspace       used 938K, committed 1088K, reserved 393216K
  class space    used 74K, committed 128K, reserved 327680K
}
Event: 247.143 GC heap before
{Heap before GC invocations=1 (full 0):
 garbage-first heap   total 262144K, used 40447K [0x00000000e0000000, 0x0000000100000000)
  region size 1024K, 38 young (38912K), 2 survivors (2048K)
 Metaspace       used 4386K, committed 4544K, reserved 393216K
  class space    used 558K, committed 640K, reserved 327680K
}
Event: 247.156 GC heap after
{Heap after GC invocations=2 (full 0):
 garbage-first heap   total 262144K, used 10905K [0x00000000e0000000, 0x0000000100000000)
  region size 1024K, 5 young (5120K), 5 survivors (5120K)
 Metaspace       used 4386K, committed 4544K, reserved 393216K
  class space    used 558K, committed 640K, reserved 327680K
}
Event: 330.789 GC heap before
{Heap before GC invocations=2 (full 0):
 garbage-first heap   total 262144K, used 60057K [0x00000000e0000000, 0x0000000100000000)
  region size 1024K, 51 young (52224K), 5 survivors (5120K)
 Metaspace       used 4855K, committed 5056K, reserved 393216K
  class space    used 632K, committed 704K, reserved 327680K
}
Event: 330.808 GC heap after
{Heap after GC invocations=3 (full 0):
 garbage-first heap   total 262144K, used 16670K [0x00000000e0000000, 0x0000000100000000)
  region size 1024K, 5 young (5120K), 5 survivors (5120K)
 Metaspace       used 4855K, committed 5056K, reserved 393216K
  class space    used 632K, committed 704K, reserved 327680K
}
Event: 370.387 GC heap before
{Heap before GC invocations=3 (full 0):
 garbage-first heap   total 262144K, used 113950K [0x00000000e0000000, 0x0000000100000000)
  region size 1024K, 101 young (103424K), 5 survivors (5120K)
 Metaspace       used 20842K, committed 21504K, reserved 393216K
  class space    used 3065K, committed 3392K, reserved 327680K
}
Event: 370.493 GC heap after
{Heap after GC invocations=4 (full 0):
 garbage-first heap   total 262144K, used 24312K [0x00000000e0000000, 0x0000000100000000)
  region size 1024K, 12 young (12288K), 12 survivors (12288K)
 Metaspace       used 20842K, committed 21504K, reserved 393216K
  class space    used 3065K, committed 3392K, reserved 327680K
}
Event: 456.906 GC heap before
{Heap before GC invocations=5 (full 0):
 garbage-first heap   total 262144K, used 142072K [0x00000000e0000000, 0x0000000100000000)
  region size 1024K, 124 young (126976K), 12 survivors (12288K)
 Metaspace       used 34967K, committed 35968K, reserved 393216K
  class space    used 4944K, committed 5440K, reserved 327680K
}
Event: 456.965 GC heap after
{Heap after GC invocations=6 (full 0):
 garbage-first heap   total 262144K, used 32664K [0x00000000e0000000, 0x0000000100000000)
  region size 1024K, 16 young (16384K), 16 survivors (16384K)
 Metaspace       used 34967K, committed 35968K, reserved 393216K
  class space    used 4944K, committed 5440K, reserved 327680K
}
Event: 457.186 GC heap before
{Heap before GC invocations=6 (full 0):
 garbage-first heap   total 262144K, used 34712K [0x00000000e0000000, 0x0000000100000000)
  region size 1024K, 19 young (19456K), 16 survivors (16384K)
 Metaspace       used 35266K, committed 36288K, reserved 393216K
  class space    used 4989K, committed 5504K, reserved 327680K
}
Event: 457.224 GC heap after
{Heap after GC invocations=7 (full 0):
 garbage-first heap   total 262144K, used 32869K [0x00000000e0000000, 0x0000000100000000)
  region size 1024K, 9 young (9216K), 9 survivors (9216K)
 Metaspace       used 35266K, committed 36288K, reserved 393216K
  class space    used 4989K, committed 5504K, reserved 327680K
}
Event: 457.408 GC heap before
{Heap before GC invocations=7 (full 0):
 garbage-first heap   total 262144K, used 34917K [0x00000000e0000000, 0x0000000100000000)
  region size 1024K, 12 young (12288K), 9 survivors (9216K)
 Metaspace       used 35589K, committed 36608K, reserved 393216K
  class space    used 5048K, committed 5568K, reserved 327680K
}
Event: 457.432 GC heap after
{Heap after GC invocations=8 (full 0):
 garbage-first heap   total 262144K, used 32573K [0x00000000e0000000, 0x0000000100000000)
  region size 1024K, 9 young (9216K), 9 survivors (9216K)
 Metaspace       used 35589K, committed 36608K, reserved 393216K
  class space    used 5048K, committed 5568K, reserved 327680K
}

