# JRE version: OpenJDK Runtime Environment Temurin-21.0.12.1+1 (21.0.12.1+1) (build 21.0.12.1+1-LTS)
# Java VM: OpenJDK 64-Bit Server VM Temurin-21.0.12.1+1 (21.0.12.1+1-LTS, mixed mode, sharing, tiered, compressed oops, compressed class ptrs, g1 gc, windows-amd64)
GC Precious Log:
 CardTable entry size: 512
 Card Set container configuration: InlinePtr #cards 5 size 8 Array Of Cards #cards 12 size 40 Howl #buckets 4 coarsen threshold 1843 Howl Bitmap #cards 512 size 80 coarsen threshold 460 Card regions per heap region 1 cards per card region 2048
 CPUs: 8 total, 8 available
 Memory: 16057M
 Large Page Support: Disabled
 NUMA Support: Disabled
 Compressed Oops: Enabled (32-bit)
 Heap Region Size: 1M
 Heap Min Capacity: 256M
 Heap Initial Capacity: 256M
 Heap Max Capacity: 512M
 Pre-touch: Disabled
 Parallel Workers: 8
 Concurrent Workers: 2
 Concurrent Refinement Workers: 8
 Periodic GC: Disabled
Heap:
 garbage-first heap   total 262144K, used 61240K [0x00000000e0000000, 0x0000000100000000)
  region size 1024K, 38 young (38912K), 9 survivors (9216K)
 Metaspace       used 38989K, committed 40384K, reserved 393216K
  class space    used 5718K, committed 6400K, reserved 327680K
GC Heap History (14 events):
Event: 118.706 GC heap before
{Heap before GC invocations=0 (full 0):
 garbage-first heap   total 262144K, used 23552K [0x00000000e0000000, 0x0000000100000000)
  region size 1024K, 23 young (23552K), 0 survivors (0K)
 Metaspace       used 950K, committed 1088K, reserved 393216K
  class space    used 74K, committed 128K, reserved 327680K
}
Event: 120.021 GC heap after
{Heap after GC invocations=1 (full 0):
 garbage-first heap   total 262144K, used 1535K [0x00000000e0000000, 0x0000000100000000)
  region size 1024K, 2 young (2048K), 2 survivors (2048K)
 Metaspace       used 950K, committed 1088K, reserved 393216K
  class space    used 74K, committed 128K, reserved 327680K
}
Event: 238.475 GC heap before
{Heap before GC invocations=1 (full 0):
 garbage-first heap   total 262144K, used 40447K [0x00000000e0000000, 0x0000000100000000)
  region size 1024K, 38 young (38912K), 2 survivors (2048K)
 Metaspace       used 4378K, committed 4544K, reserved 393216K
  class space    used 557K, committed 640K, reserved 327680K
}
Event: 238.487 GC heap after
{Heap after GC invocations=2 (full 0):
 garbage-first heap   total 262144K, used 11011K [0x00000000e0000000, 0x0000000100000000)
  region size 1024K, 5 young (5120K), 5 survivors (5120K)
 Metaspace       used 4378K, committed 4544K, reserved 393216K
  class space    used 557K, committed 640K, reserved 327680K
}
Event: 337.968 GC heap before
{Heap before GC invocations=2 (full 0):
 garbage-first heap   total 262144K, used 62211K [0x00000000e0000000, 0x0000000100000000)
  region size 1024K, 53 young (54272K), 5 survivors (5120K)
 Metaspace       used 5155K, committed 5312K, reserved 393216K
  class space    used 691K, committed 768K, reserved 327680K
}
Event: 337.977 GC heap after
{Heap after GC invocations=3 (full 0):
 garbage-first heap   total 262144K, used 16721K [0x00000000e0000000, 0x0000000100000000)
  region size 1024K, 5 young (5120K), 5 survivors (5120K)
 Metaspace       used 5155K, committed 5312K, reserved 393216K
  class space    used 691K, committed 768K, reserved 327680K
}
Event: 397.710 GC heap before
{Heap before GC invocations=3 (full 0):
 garbage-first heap   total 262144K, used 112977K [0x00000000e0000000, 0x0000000100000000)
  region size 1024K, 100 young (102400K), 5 survivors (5120K)
 Metaspace       used 20839K, committed 21504K, reserved 393216K
  class space    used 3067K, committed 3392K, reserved 327680K
}
Event: 397.741 GC heap after
{Heap after GC invocations=4 (full 0):
 garbage-first heap   total 262144K, used 24138K [0x00000000e0000000, 0x0000000100000000)
  region size 1024K, 12 young (12288K), 12 survivors (12288K)
 Metaspace       used 20839K, committed 21504K, reserved 393216K
  class space    used 3067K, committed 3392K, reserved 327680K
}
Event: 477.354 GC heap before
{Heap before GC invocations=5 (full 0):
 garbage-first heap   total 262144K, used 143946K [0x00000000e0000000, 0x0000000100000000)
  region size 1024K, 131 young (134144K), 12 survivors (12288K)
 Metaspace       used 35504K, committed 36608K, reserved 393216K
  class space    used 5126K, committed 5632K, reserved 327680K
}
Event: 477.407 GC heap after
{Heap after GC invocations=6 (full 0):
 garbage-first heap   total 262144K, used 32566K [0x00000000e0000000, 0x0000000100000000)
  region size 1024K, 16 young (16384K), 16 survivors (16384K)
 Metaspace       used 35504K, committed 36608K, reserved 393216K
  class space    used 5126K, committed 5632K, reserved 327680K
}
Event: 479.589 GC heap before
{Heap before GC invocations=6 (full 0):
 garbage-first heap   total 262144K, used 34614K [0x00000000e0000000, 0x0000000100000000)
  region size 1024K, 19 young (19456K), 16 survivors (16384K)
 Metaspace       used 35815K, committed 36928K, reserved 393216K
  class space    used 5174K, committed 5696K, reserved 327680K
}
Event: 479.648 GC heap after
{Heap after GC invocations=7 (full 0):
 garbage-first heap   total 262144K, used 32665K [0x00000000e0000000, 0x0000000100000000)
  region size 1024K, 9 young (9216K), 9 survivors (9216K)
 Metaspace       used 35815K, committed 36928K, reserved 393216K
  class space    used 5174K, committed 5696K, reserved 327680K
}
Event: 480.915 GC heap before
{Heap before GC invocations=7 (full 0):
 garbage-first heap   total 262144K, used 35737K [0x00000000e0000000, 0x0000000100000000)
  region size 1024K, 13 young (13312K), 9 survivors (9216K)
 Metaspace       used 36177K, committed 37248K, reserved 393216K
  class space    used 5237K, committed 5760K, reserved 327680K
}
Event: 480.949 GC heap after
{Heap after GC invocations=8 (full 0):
 garbage-first heap   total 262144K, used 32568K [0x00000000e0000000, 0x0000000100000000)
  region size 1024K, 9 young (9216K), 9 survivors (9216K)
 Metaspace       used 36177K, committed 37248K, reserved 393216K
  class space    used 5237K, committed 5760K, reserved 327680K
}

